<?xml version="1.0" encoding="UTF-8"?>
<testsuite xmlns:xsi="http://www.w3.org/2001/XMLSchema-instance" xsi:noNamespaceSchemaLocation="https://maven.apache.org/surefire/maven-surefire-plugin/xsd/surefire-test-report.xsd" name="com.venkatesh.test.unittestexample.UnitTestExampleApplicationTests" time="4.36" tests="1" errors="0" skipped="0" failures="0">
  <properties>
    <property name="sun.desktop" value="windows"/>
    <property name="awt.toolkit" value="sun.awt.windows.WToolkit"/>
    <property name="file.encoding.pkg" value="sun.io"/>
    <property name="java.specification.version" value="1.8"/>
    <property name="sun.cpu.isalist" value="pentium_pro+mmx pentium_pro pentium+mmx pentium i486 i386 i86"/>
    <property name="sun.jnu.encoding" value="Cp1252"/>
    <property name="java.class.path" value="D:\MY\finsollab\unit-test-example\target\test-classes;D:\MY\finsollab\unit-test-example\target\classes;D:\MY\personal\mavenrepository\repository\org\springframework\boot\spring-boot-starter-web\2.2.2.RELEASE\spring-boot-starter-web-2.2.2.RELEASE.jar;D:\MY\personal\mavenrepository\repository\org\springframework\boot\spring-boot-starter\2.2.2.RELEASE\spring-boot-starter-2.2.2.RELEASE.jar;D:\MY\personal\mavenrepository\repository\org\springframework\boot\spring-boot\2.2.2.RELEASE\spring-boot-2.2.2.RELEASE.jar;D:\MY\personal\mavenrepository\repository\org\springframework\boot\spring-boot-autoconfigure\2.2.2.RELEASE\spring-boot-autoconfigure-2.2.2.RELEASE.jar;D:\MY\personal\mavenrepository\repository\org\springframework\boot\spring-boot-starter-logging\2.2.2.RELEASE\spring-boot-starter-logging-2.2.2.RELEASE.jar;D:\MY\personal\mavenrepository\repository\ch\qos\logback\logback-classic\1.2.3\logback-classic-1.2.3.jar;D:\MY\personal\mavenrepository\repository\ch\qos\logback\logback-core\1.2.3\logback-core-1.2.3.jar;D:\MY\personal\mavenrepository\repository\org\apache\logging\log4j\log4j-to-slf4j\2.12.1\log4j-to-slf4j-2.12.1.jar;D:\MY\personal\mavenrepository\repository\org\apache\logging\log4j\log4j-api\2.12.1\log4j-api-2.12.1.jar;D:\MY\personal\mavenrepository\repository\org\slf4j\jul-to-slf4j\1.7.29\jul-to-slf4j-1.7.29.jar;D:\MY\personal\mavenrepository\repository\jakarta\annotation\jakarta.annotation-api\1.3.5\jakarta.annotation-api-1.3.5.jar;D:\MY\personal\mavenrepository\repository\org\yaml\snakeyaml\1.25\snakeyaml-1.25.jar;D:\MY\personal\mavenrepository\repository\org\springframework\boot\spring-boot-starter-json\2.2.2.RELEASE\spring-boot-starter-json-2.2.2.RELEASE.jar;D:\MY\personal\mavenrepository\repository\com\fasterxml\jackson\core\jackson-databind\2.10.1\jackson-databind-2.10.1.jar;D:\MY\personal\mavenrepository\repository\com\fasterxml\jackson\core\jackson-annotations\2.10.1\jackson-annotations-2.10.1.jar;D:\MY\personal\mavenrepository\repository\com\fasterxml\jackson\core\jackson-core\2.10.1\jackson-core-2.10.1.jar;D:\MY\personal\mavenrepository\repository\com\fasterxml\jackson\datatype\jackson-datatype-jdk8\2.10.1\jackson-datatype-jdk8-2.10.1.jar;D:\MY\personal\mavenrepository\repository\com\fasterxml\jackson\datatype\jackson-datatype-jsr310\2.10.1\jackson-datatype-jsr310-2.10.1.jar;D:\MY\personal\mavenrepository\repository\com\fasterxml\jackson\module\jackson-module-parameter-names\2.10.1\jackson-module-parameter-names-2.10.1.jar;D:\MY\personal\mavenrepository\repository\org\springframework\boot\spring-boot-starter-tomcat\2.2.2.RELEASE\spring-boot-starter-tomcat-2.2.2.RELEASE.jar;D:\MY\personal\mavenrepository\repository\org\apache\tomcat\embed\tomcat-embed-core\9.0.29\tomcat-embed-core-9.0.29.jar;D:\MY\personal\mavenrepository\repository\org\apache\tomcat\embed\tomcat-embed-el\9.0.29\tomcat-embed-el-9.0.29.jar;D:\MY\personal\mavenrepository\repository\org\apache\tomcat\embed\tomcat-embed-websocket\9.0.29\tomcat-embed-websocket-9.0.29.jar;D:\MY\personal\mavenrepository\repository\org\springframework\boot\spring-boot-starter-validation\2.2.2.RELEASE\spring-boot-starter-validation-2.2.2.RELEASE.jar;D:\MY\personal\mavenrepository\repository\jakarta\validation\jakarta.validation-api\2.0.1\jakarta.validation-api-2.0.1.jar;D:\MY\personal\mavenrepository\repository\org\hibernate\validator\hibernate-validator\6.0.18.Final\hibernate-validator-6.0.18.Final.jar;D:\MY\personal\mavenrepository\repository\org\jboss\logging\jboss-logging\3.4.1.Final\jboss-logging-3.4.1.Final.jar;D:\MY\personal\mavenrepository\repository\com\fasterxml\classmate\1.5.1\classmate-1.5.1.jar;D:\MY\personal\mavenrepository\repository\org\springframework\spring-web\5.2.2.RELEASE\spring-web-5.2.2.RELEASE.jar;D:\MY\personal\mavenrepository\repository\org\springframework\spring-beans\5.2.2.RELEASE\spring-beans-5.2.2.RELEASE.jar;D:\MY\personal\mavenrepository\repository\org\springframework\spring-webmvc\5.2.2.RELEASE\spring-webmvc-5.2.2.RELEASE.jar;D:\MY\personal\mavenrepository\repository\org\springframework\spring-aop\5.2.2.RELEASE\spring-aop-5.2.2.RELEASE.jar;D:\MY\personal\mavenrepository\repository\org\springframework\spring-context\5.2.2.RELEASE\spring-context-5.2.2.RELEASE.jar;D:\MY\personal\mavenrepository\repository\org\springframework\spring-expression\5.2.2.RELEASE\spring-expression-5.2.2.RELEASE.jar;D:\MY\personal\mavenrepository\repository\org\springframework\boot\spring-boot-starter-test\2.2.2.RELEASE\spring-boot-starter-test-2.2.2.RELEASE.jar;D:\MY\personal\mavenrepository\repository\org\springframework\boot\spring-boot-test\2.2.2.RELEASE\spring-boot-test-2.2.2.RELEASE.jar;D:\MY\personal\mavenrepository\repository\org\springframework\boot\spring-boot-test-autoconfigure\2.2.2.RELEASE\spring-boot-test-autoconfigure-2.2.2.RELEASE.jar;D:\MY\personal\mavenrepository\repository\com\jayway\jsonpath\json-path\2.4.0\json-path-2.4.0.jar;D:\MY\personal\mavenrepository\repository\net\minidev\json-smart\2.3\json-smart-2.3.jar;D:\MY\personal\mavenrepository\repository\net\minidev\accessors-smart\1.2\accessors-smart-1.2.jar;D:\MY\personal\mavenrepository\repository\org\ow2\asm\asm\5.0.4\asm-5.0.4.jar;D:\MY\personal\mavenrepository\repository\org\slf4j\slf4j-api\1.7.29\slf4j-api-1.7.29.jar;D:\MY\personal\mavenrepository\repository\jakarta\xml\bind\jakarta.xml.bind-api\2.3.2\jakarta.xml.bind-api-2.3.2.jar;D:\MY\personal\mavenrepository\repository\jakarta\activation\jakarta.activation-api\1.2.1\jakarta.activation-api-1.2.1.jar;D:\MY\personal\mavenrepository\repository\org\junit\jupiter\junit-jupiter\5.5.2\junit-jupiter-5.5.2.jar;D:\MY\personal\mavenrepository\repository\org\junit\jupiter\junit-jupiter-api\5.5.2\junit-jupiter-api-5.5.2.jar;D:\MY\personal\mavenrepository\repository\org\apiguardian\apiguardian-api\1.1.0\apiguardian-api-1.1.0.jar;D:\MY\personal\mavenrepository\repository\org\opentest4j\opentest4j\1.2.0\opentest4j-1.2.0.jar;D:\MY\personal\mavenrepository\repository\org\junit\platform\junit-platform-commons\1.5.2\junit-platform-commons-1.5.2.jar;D:\MY\personal\mavenrepository\repository\org\junit\jupiter\junit-jupiter-params\5.5.2\junit-jupiter-params-5.5.2.jar;D:\MY\personal\mavenrepository\repository\org\junit\jupiter\junit-jupiter-engine\5.5.2\junit-jupiter-engine-5.5.2.jar;D:\MY\personal\mavenrepository\repository\org\junit\platform\junit-platform-engine\1.5.2\junit-platform-engine-1.5.2.jar;D:\MY\personal\mavenrepository\repository\org\mockito\mockito-junit-jupiter\3.1.0\mockito-junit-jupiter-3.1.0.jar;D:\MY\personal\mavenrepository\repository\org\assertj\assertj-core\3.13.2\assertj-core-3.13.2.jar;D:\MY\personal\mavenrepository\repository\org\hamcrest\hamcrest\2.1\hamcrest-2.1.jar;D:\MY\personal\mavenrepository\repository\org\mockito\mockito-core\3.1.0\mockito-core-3.1.0.jar;D:\MY\personal\mavenrepository\repository\net\bytebuddy\byte-buddy\1.10.4\byte-buddy-1.10.4.jar;D:\MY\personal\mavenrepository\repository\net\bytebuddy\byte-buddy-agent\1.10.4\byte-buddy-agent-1.10.4.jar;D:\MY\personal\mavenrepository\repository\org\objenesis\objenesis\2.6\objenesis-2.6.jar;D:\MY\personal\mavenrepository\repository\org\skyscreamer\jsonassert\1.5.0\jsonassert-1.5.0.jar;D:\MY\personal\mavenrepository\repository\com\vaadin\external\google\android-json\0.0.20131108.vaadin1\android-json-0.0.20131108.vaadin1.jar;D:\MY\personal\mavenrepository\repository\org\springframework\spring-core\5.2.2.RELEASE\spring-core-5.2.2.RELEASE.jar;D:\MY\personal\mavenrepository\repository\org\springframework\spring-jcl\5.2.2.RELEASE\spring-jcl-5.2.2.RELEASE.jar;D:\MY\personal\mavenrepository\repository\org\springframework\spring-test\5.2.2.RELEASE\spring-test-5.2.2.RELEASE.jar;D:\MY\personal\mavenrepository\repository\org\xmlunit\xmlunit-core\2.6.3\xmlunit-core-2.6.3.jar;D:\MY\personal\mavenrepository\repository\net\sf\json-lib\json-lib\2.4\json-lib-2.4-jdk15.jar;D:\MY\personal\mavenrepository\repository\commons-beanutils\commons-beanutils\1.8.0\commons-beanutils-1.8.0.jar;D:\MY\personal\mavenrepository\repository\commons-collections\commons-collections\3.2.1\commons-collections-3.2.1.jar;D:\MY\personal\mavenrepository\repository\commons-lang\commons-lang\2.5\commons-lang-2.5.jar;D:\MY\personal\mavenrepository\repository\commons-logging\commons-logging\1.1.1\commons-logging-1.1.1.jar;D:\MY\personal\mavenrepository\repository\net\sf\ezmorph\ezmorph\1.0.6\ezmorph-1.0.6.jar;D:\MY\personal\mavenrepository\repository\junit\junit\4.12\junit-4.12.jar;D:\MY\personal\mavenrepository\repository\org\hamcrest\hamcrest-core\2.1\hamcrest-core-2.1.jar;"/>
    <property name="java.vm.vendor" value="Oracle Corporation"/>
    <property name="sun.arch.data.model" value="32"/>
    <property name="user.variant" value=""/>
    <property name="java.vendor.url" value="http://java.oracle.com/"/>
    <property name="user.timezone" value="Asia/Calcutta"/>
    <property name="java.vm.specification.version" value="1.8"/>
    <property name="os.name" value="Windows 7"/>
    <property name="user.country" value="US"/>
    <property name="sun.java.launcher" value="SUN_STANDARD"/>
    <property name="sun.boot.library.path" value="C:\Program Files\Java\jdk1.8.0_111\jre\bin"/>
    <property name="sun.java.command" value="C:\Users\finsol\AppData\Local\Temp\surefire5346278374458580842\surefirebooter5776307653168919173.jar C:\Users\finsol\AppData\Local\Temp\surefire5346278374458580842 2020-01-08T10-55-31_433-jvmRun1 surefire1454336647943868430tmp surefire_05665739110756867174tmp"/>
    <property name="surefire.test.class.path" value="D:\MY\finsollab\unit-test-example\target\test-classes;D:\MY\finsollab\unit-test-example\target\classes;D:\MY\personal\mavenrepository\repository\org\springframework\boot\spring-boot-starter-web\2.2.2.RELEASE\spring-boot-starter-web-2.2.2.RELEASE.jar;D:\MY\personal\mavenrepository\repository\org\springframework\boot\spring-boot-starter\2.2.2.RELEASE\spring-boot-starter-2.2.2.RELEASE.jar;D:\MY\personal\mavenrepository\repository\org\springframework\boot\spring-boot\2.2.2.RELEASE\spring-boot-2.2.2.RELEASE.jar;D:\MY\personal\mavenrepository\repository\org\springframework\boot\spring-boot-autoconfigure\2.2.2.RELEASE\spring-boot-autoconfigure-2.2.2.RELEASE.jar;D:\MY\personal\mavenrepository\repository\org\springframework\boot\spring-boot-starter-logging\2.2.2.RELEASE\spring-boot-starter-logging-2.2.2.RELEASE.jar;D:\MY\personal\mavenrepository\repository\ch\qos\logback\logback-classic\1.2.3\logback-classic-1.2.3.jar;D:\MY\personal\mavenrepository\repository\ch\qos\logback\logback-core\1.2.3\logback-core-1.2.3.jar;D:\MY\personal\mavenrepository\repository\org\apache\logging\log4j\log4j-to-slf4j\2.12.1\log4j-to-slf4j-2.12.1.jar;D:\MY\personal\mavenrepository\repository\org\apache\logging\log4j\log4j-api\2.12.1\log4j-api-2.12.1.jar;D:\MY\personal\mavenrepository\repository\org\slf4j\jul-to-slf4j\1.7.29\jul-to-slf4j-1.7.29.jar;D:\MY\personal\mavenrepository\repository\jakarta\annotation\jakarta.annotation-api\1.3.5\jakarta.annotation-api-1.3.5.jar;D:\MY\personal\mavenrepository\repository\org\yaml\snakeyaml\1.25\snakeyaml-1.25.jar;D:\MY\personal\mavenrepository\repository\org\springframework\boot\spring-boot-starter-json\2.2.2.RELEASE\spring-boot-starter-json-2.2.2.RELEASE.jar;D:\MY\personal\mavenrepository\repository\com\fasterxml\jackson\core\jackson-databind\2.10.1\jackson-databind-2.10.1.jar;D:\MY\personal\mavenrepository\repository\com\fasterxml\jackson\core\jackson-annotations\2.10.1\jackson-annotations-2.10.1.jar;D:\MY\personal\mavenrepository\repository\com\fasterxml\jackson\core\jackson-core\2.10.1\jackson-core-2.10.1.jar;D:\MY\personal\mavenrepository\repository\com\fasterxml\jackson\datatype\jackson-datatype-jdk8\2.10.1\jackson-datatype-jdk8-2.10.1.jar;D:\MY\personal\mavenrepository\repository\com\fasterxml\jackson\datatype\jackson-datatype-jsr310\2.10.1\jackson-datatype-jsr310-2.10.1.jar;D:\MY\personal\mavenrepository\repository\com\fasterxml\jackson\module\jackson-module-parameter-names\2.10.1\jackson-module-parameter-names-2.10.1.jar;D:\MY\personal\mavenrepository\repository\org\springframework\boot\spring-boot-starter-tomcat\2.2.2.RELEASE\spring-boot-starter-tomcat-2.2.2.RELEASE.jar;D:\MY\personal\mavenrepository\repository\org\apache\tomcat\embed\tomcat-embed-core\9.0.29\tomcat-embed-core-9.0.29.jar;D:\MY\personal\mavenrepository\repository\org\apache\tomcat\embed\tomcat-embed-el\9.0.29\tomcat-embed-el-9.0.29.jar;D:\MY\personal\mavenrepository\repository\org\apache\tomcat\embed\tomcat-embed-websocket\9.0.29\tomcat-embed-websocket-9.0.29.jar;D:\MY\personal\mavenrepository\repository\org\springframework\boot\spring-boot-starter-validation\2.2.2.RELEASE\spring-boot-starter-validation-2.2.2.RELEASE.jar;D:\MY\personal\mavenrepository\repository\jakarta\validation\jakarta.validation-api\2.0.1\jakarta.validation-api-2.0.1.jar;D:\MY\personal\mavenrepository\repository\org\hibernate\validator\hibernate-validator\6.0.18.Final\hibernate-validator-6.0.18.Final.jar;D:\MY\personal\mavenrepository\repository\org\jboss\logging\jboss-logging\3.4.1.Final\jboss-logging-3.4.1.Final.jar;D:\MY\personal\mavenrepository\repository\com\fasterxml\classmate\1.5.1\classmate-1.5.1.jar;D:\MY\personal\mavenrepository\repository\org\springframework\spring-web\5.2.2.RELEASE\spring-web-5.2.2.RELEASE.jar;D:\MY\personal\mavenrepository\repository\org\springframework\spring-beans\5.2.2.RELEASE\spring-beans-5.2.2.RELEASE.jar;D:\MY\personal\mavenrepository\repository\org\springframework\spring-webmvc\5.2.2.RELEASE\spring-webmvc-5.2.2.RELEASE.jar;D:\MY\personal\mavenrepository\repository\org\springframework\spring-aop\5.2.2.RELEASE\spring-aop-5.2.2.RELEASE.jar;D:\MY\personal\mavenrepository\repository\org\springframework\spring-context\5.2.2.RELEASE\spring-context-5.2.2.RELEASE.jar;D:\MY\personal\mavenrepository\repository\org\springframework\spring-expression\5.2.2.RELEASE\spring-expression-5.2.2.RELEASE.jar;D:\MY\personal\mavenrepository\repository\org\springframework\boot\spring-boot-starter-test\2.2.2.RELEASE\spring-boot-starter-test-2.2.2.RELEASE.jar;D:\MY\personal\mavenrepository\repository\org\springframework\boot\spring-boot-test\2.2.2.RELEASE\spring-boot-test-2.2.2.RELEASE.jar;D:\MY\personal\mavenrepository\repository\org\springframework\boot\spring-boot-test-autoconfigure\2.2.2.RELEASE\spring-boot-test-autoconfigure-2.2.2.RELEASE.jar;D:\MY\personal\mavenrepository\repository\com\jayway\jsonpath\json-path\2.4.0\json-path-2.4.0.jar;D:\MY\personal\mavenrepository\repository\net\minidev\json-smart\2.3\json-smart-2.3.jar;D:\MY\personal\mavenrepository\repository\net\minidev\accessors-smart\1.2\accessors-smart-1.2.jar;D:\MY\personal\mavenrepository\repository\org\ow2\asm\asm\5.0.4\asm-5.0.4.jar;D:\MY\personal\mavenrepository\repository\org\slf4j\slf4j-api\1.7.29\slf4j-api-1.7.29.jar;D:\MY\personal\mavenrepository\repository\jakarta\xml\bind\jakarta.xml.bind-api\2.3.2\jakarta.xml.bind-api-2.3.2.jar;D:\MY\personal\mavenrepository\repository\jakarta\activation\jakarta.activation-api\1.2.1\jakarta.activation-api-1.2.1.jar;D:\MY\personal\mavenrepository\repository\org\junit\jupiter\junit-jupiter\5.5.2\junit-jupiter-5.5.2.jar;D:\MY\personal\mavenrepository\repository\org\junit\jupiter\junit-jupiter-api\5.5.2\junit-jupiter-api-5.5.2.jar;D:\MY\personal\mavenrepository\repository\org\apiguardian\apiguardian-api\1.1.0\apiguardian-api-1.1.0.jar;D:\MY\personal\mavenrepository\repository\org\opentest4j\opentest4j\1.2.0\opentest4j-1.2.0.jar;D:\MY\personal\mavenrepository\repository\org\junit\platform\junit-platform-commons\1.5.2\junit-platform-commons-1.5.2.jar;D:\MY\personal\mavenrepository\repository\org\junit\jupiter\junit-jupiter-params\5.5.2\junit-jupiter-params-5.5.2.jar;D:\MY\personal\mavenrepository\repository\org\junit\jupiter\junit-jupiter-engine\5.5.2\junit-jupiter-engine-5.5.2.jar;D:\MY\personal\mavenrepository\repository\org\junit\platform\junit-platform-engine\1.5.2\junit-platform-engine-1.5.2.jar;D:\MY\personal\mavenrepository\repository\org\mockito\mockito-junit-jupiter\3.1.0\mockito-junit-jupiter-3.1.0.jar;D:\MY\personal\mavenrepository\repository\org\assertj\assertj-core\3.13.2\assertj-core-3.13.2.jar;D:\MY\personal\mavenrepository\repository\org\hamcrest\hamcrest\2.1\hamcrest-2.1.jar;D:\MY\personal\mavenrepository\repository\org\mockito\mockito-core\3.1.0\mockito-core-3.1.0.jar;D:\MY\personal\mavenrepository\repository\net\bytebuddy\byte-buddy\1.10.4\byte-buddy-1.10.4.jar;D:\MY\personal\mavenrepository\repository\net\bytebuddy\byte-buddy-agent\1.10.4\byte-buddy-agent-1.10.4.jar;D:\MY\personal\mavenrepository\repository\org\objenesis\objenesis\2.6\objenesis-2.6.jar;D:\MY\personal\mavenrepository\repository\org\skyscreamer\jsonassert\1.5.0\jsonassert-1.5.0.jar;D:\MY\personal\mavenrepository\repository\com\vaadin\external\google\android-json\0.0.20131108.vaadin1\android-json-0.0.20131108.vaadin1.jar;D:\MY\personal\mavenrepository\repository\org\springframework\spring-core\5.2.2.RELEASE\spring-core-5.2.2.RELEASE.jar;D:\MY\personal\mavenrepository\repository\org\springframework\spring-jcl\5.2.2.RELEASE\spring-jcl-5.2.2.RELEASE.jar;D:\MY\personal\mavenrepository\repository\org\springframework\spring-test\5.2.2.RELEASE\spring-test-5.2.2.RELEASE.jar;D:\MY\personal\mavenrepository\repository\org\xmlunit\xmlunit-core\2.6.3\xmlunit-core-2.6.3.jar;D:\MY\personal\mavenrepository\repository\net\sf\json-lib\json-lib\2.4\json-lib-2.4-jdk15.jar;D:\MY\personal\mavenrepository\repository\commons-beanutils\commons-beanutils\1.8.0\commons-beanutils-1.8.0.jar;D:\MY\personal\mavenrepository\repository\commons-collections\commons-collections\3.2.1\commons-collections-3.2.1.jar;D:\MY\personal\mavenrepository\repository\commons-lang\commons-lang\2.5\commons-lang-2.5.jar;D:\MY\personal\mavenrepository\repository\commons-logging\commons-logging\1.1.1\commons-logging-1.1.1.jar;D:\MY\personal\mavenrepository\repository\net\sf\ezmorph\ezmorph\1.0.6\ezmorph-1.0.6.jar;D:\MY\personal\mavenrepository\repository\junit\junit\4.12\junit-4.12.jar;D:\MY\personal\mavenrepository\repository\org\hamcrest\hamcrest-core\2.1\hamcrest-core-2.1.jar;"/>
    <property name="sun.cpu.endian" value="little"/>
    <property name="user.home" value="C:\Users\finsol"/>
    <property name="user.language" value="en"/>
    <property name="java.specification.vendor" value="Oracle Corporation"/>
    <property name="java.home" value="C:\Program Files\Java\jdk1.8.0_111\jre"/>
    <property name="basedir" value="D:\MY\finsollab\unit-test-example"/>
    <property name="file.separator" value="\"/>
    <property name="line.separator" value="&#10;"/>
    <property name="java.vm.specification.vendor" value="Oracle Corporation"/>
    <property name="java.specification.name" value="Java Platform API Specification"/>
    <property name="java.awt.graphicsenv" value="sun.awt.Win32GraphicsEnvironment"/>
    <property name="surefire.real.class.path" value="C:\Users\finsol\AppData\Local\Temp\surefire5346278374458580842\surefirebooter5776307653168919173.jar"/>
    <property name="sun.boot.class.path" value="C:\Program Files\Java\jdk1.8.0_111\jre\lib\resources.jar;C:\Program Files\Java\jdk1.8.0_111\jre\lib\rt.jar;C:\Program Files\Java\jdk1.8.0_111\jre\lib\sunrsasign.jar;C:\Program Files\Java\jdk1.8.0_111\jre\lib\jsse.jar;C:\Program Files\Java\jdk1.8.0_111\jre\lib\jce.jar;C:\Program Files\Java\jdk1.8.0_111\jre\lib\charsets.jar;C:\Program Files\Java\jdk1.8.0_111\jre\lib\jfr.jar;C:\Program Files\Java\jdk1.8.0_111\jre\classes"/>
    <property name="user.script" value=""/>
    <property name="sun.management.compiler" value="HotSpot Client Compiler"/>
    <property name="java.runtime.version" value="1.8.0_111-b14"/>
    <property name="user.name" value="finsol"/>
    <property name="path.separator" value=";"/>
    <property name="os.version" value="6.1"/>
    <property name="java.endorsed.dirs" value="C:\Program Files\Java\jdk1.8.0_111\jre\lib\endorsed"/>
    <property name="java.runtime.name" value="Java(TM) SE Runtime Environment"/>
    <property name="file.encoding" value="Cp1252"/>
    <property name="java.vm.name" value="Java HotSpot(TM) Client VM"/>
    <property name="localRepository" value="D:\MY\personal\mavenrepository\repository"/>
    <property name="java.vendor.url.bug" value="http://bugreport.sun.com/bugreport/"/>
    <property name="java.io.tmpdir" value="C:\Users\finsol\AppData\Local\Temp\"/>
    <property name="java.version" value="1.8.0_111"/>
    <property name="user.dir" value="D:\MY\finsollab\unit-test-example"/>
    <property name="os.arch" value="x86"/>
    <property name="java.vm.specification.name" value="Java Virtual Machine Specification"/>
    <property name="java.awt.printerjob" value="sun.awt.windows.WPrinterJob"/>
    <property name="sun.os.patch.level" value="Service Pack 1"/>
    <property name="java.library.path" value="C:\Program Files\Java\jdk1.8.0_111\jre\bin;C:\Windows\Sun\Java\bin;C:\Windows\system32;C:\Windows;C:/Program Files/Java/jre1.8.0_111/bin/client;C:/Program Files/Java/jre1.8.0_111/bin;C:/Program Files/Java/jre1.8.0_111/lib/i386;C:\ProgramData\Oracle\Java\javapath;C:\Windows\system32;C:\Windows;C:\Windows\System32\Wbem;C:\Windows\System32\WindowsPowerShell\v1.0\;D:\MY\personal\apache-maven-3.5.4\bin;D:\MY\personal\gradle-2.3\bin;D:\MY\personal\mongodb-win32-i386-3.0.15-1-g09d9107\bin;D:\MY\personal\sonarqube-6.7.1\bin\windows-x86-32;D:\MY\personal\sonar-runner-2.4\bin;C:\Program Files\MySQL\MySQL Server 5.1\bin;C:\Program Files\Java\jdk1.8.0_111\bin;D:\MY\softwares\apache-ant-1.10.5\bin;C:\Program Files\nodejs\;C:\Program Files\Microsoft VS Code\bin;C:\Program Files\Amazon\AWSCLI\bin\;C:\Program Files\Microsoft SQL Server\Client SDK\ODBC\110\Tools\Binn\;C:\Program Files\Microsoft SQL Server\120\Tools\Binn\ManagementStudio\;C:\Program Files\Microsoft SQL Server\120\Tools\Binn\;C:\Program Files\Microsoft SQL Server\120\DTS\Binn\;D:\MY\personal\micronaut-1.1.4\bin;C:\Program Files\Git\cmd;C:\Program Files\Microsoft VS Code\bin;C:\Users\finsol\AppData\Roaming\npm;C:\Program Files\Java\jdk1.8.0_111\bin;D:\MY\SUGAR_ERP_SRCS\eclipse;;."/>
    <property name="java.vm.info" value="mixed mode, sharing"/>
    <property name="java.vendor" value="Oracle Corporation"/>
    <property name="java.vm.version" value="25.111-b14"/>
    <property name="java.ext.dirs" value="C:\Program Files\Java\jdk1.8.0_111\jre\lib\ext;C:\Windows\Sun\Java\lib\ext"/>
    <property name="sun.io.unicode.encoding" value="UnicodeLittle"/>
    <property name="java.class.version" value="52.0"/>
  </properties>
  <testcase name="contextLoads" classname="com.venkatesh.test.unittestexample.UnitTestExampleApplicationTests" time="0.339"/>
</testsuite>